<?xml version="1.0" encoding="UTF-8"?>
<testsuite xmlns:xsi="http://www.w3.org/2001/XMLSchema-instance" xsi:noNamespaceSchemaLocation="https://maven.apache.org/surefire/maven-surefire-plugin/xsd/surefire-test-report-3.0.xsd" version="3.0" name="conduitApp.ConduitTest" time="1.381" tests="1" errors="0" skipped="0" failures="0">
  <properties>
[...]
</properties>
  <testcase name="testParallel" classname="conduitApp.ConduitTest" time="1.373">
    <system-out><![CDATA[19:30:14.960 [main] INFO  com.intuit.karate.Runner - using system property 'karate.options': --tags ˜@skipme
19:30:15.417 [main] DEBUG com.intuit.karate.Suite - [config] classpath:karate-config.js
19:30:15.418 [main] INFO  com.intuit.karate.Suite - backed up existing 'target/karate-reports' dir to: target/karate-reports_1711319415417
19:30:15.915 [main] DEBUG com.intuit.karate.Suite - waiting for 3 features to complete
Karate version: 1.4.1
======================================================
elapsed:   0.96 | threads:    1 | thread time: 0.00 
features:     0 | skipped:    3 | efficiency: 0.00
scenarios:    0 | passed:     0 | failed: 0
======================================================

HTML report: (paste into browser to view) | Karate version: 1.4.1
file:///Users/rosanaramosantos/programming-projects/automation-projects/karate-gatling/karate-gatling/target/karate-reports/karate-summary.html
===================================================================

]]></system-out>
  </testcase>
</testsuite>